2024-08-04 12:16:13,348 - root - INFO - Starting file transfer process for directory: C:\Users\Maha\AWS_Test
2024-08-04 12:16:13,348 - root - INFO - Uploading C:\Users\Maha\AWS_Test\download (1).jpg to AWS S3 bucket mahafiletransferbucket.
2024-08-04 12:16:13,400 - botocore.credentials - INFO - Found credentials in shared credentials file: ~/.aws/credentials
2024-08-04 12:16:15,417 - root - INFO - Successfully uploaded C:\Users\Maha\AWS_Test\download (1).jpg to S3 bucket mahafiletransferbucket.
2024-08-04 12:16:15,417 - root - INFO - Uploading C:\Users\Maha\AWS_Test\image001.png to AWS S3 bucket mahafiletransferbucket.
2024-08-04 12:16:17,343 - root - INFO - Successfully uploaded C:\Users\Maha\AWS_Test\image001.png to S3 bucket mahafiletransferbucket.
2024-08-04 12:16:17,358 - root - INFO - Uploading C:\Users\Maha\AWS_Test\Water Drop Message Ringtone   Sms Ringtone   Sms Ringtone Water Drop   Notification Ringtone.mp3 to AWS S3 bucket mahafiletransferbucket.
2024-08-04 12:16:19,832 - root - INFO - Successfully uploaded C:\Users\Maha\AWS_Test\Water Drop Message Ringtone   Sms Ringtone   Sms Ringtone Water Drop   Notification Ringtone.mp3 to S3 bucket mahafiletransferbucket.
2024-08-04 12:16:19,832 - root - INFO - File transfer process completed.
2024-08-04 12:21:47,113 - root - INFO - Starting file transfer process for directory: C:\Users\Maha\AWS_Test
2024-08-04 12:21:47,113 - root - INFO - Uploading C:\Users\Maha\AWS_Test\download (1).jpg to AWS S3 bucket mahafiletransferbucket.
2024-08-04 12:21:47,179 - botocore.credentials - INFO - Found credentials in shared credentials file: ~/.aws/credentials
2024-08-04 12:21:50,180 - root - INFO - Successfully uploaded C:\Users\Maha\AWS_Test\download (1).jpg to S3 bucket mahafiletransferbucket.
2024-08-04 12:21:50,194 - root - INFO - Uploading C:\Users\Maha\AWS_Test\image001.png to AWS S3 bucket mahafiletransferbucket.
2024-08-04 12:21:53,340 - root - INFO - Successfully uploaded C:\Users\Maha\AWS_Test\image001.png to S3 bucket mahafiletransferbucket.
2024-08-04 12:21:53,342 - root - INFO - Uploading C:\Users\Maha\AWS_Test\Water Drop Message Ringtone   Sms Ringtone   Sms Ringtone Water Drop   Notification Ringtone.mp3 to AWS S3 bucket mahafiletransferbucket.
2024-08-04 12:21:59,056 - root - INFO - Successfully uploaded C:\Users\Maha\AWS_Test\Water Drop Message Ringtone   Sms Ringtone   Sms Ringtone Water Drop   Notification Ringtone.mp3 to S3 bucket mahafiletransferbucket.
2024-08-04 12:21:59,072 - root - INFO - Uploading C:\Users\Maha\AWS_Test\images\image.png to AWS S3 bucket mahafiletransferbucket.
2024-08-04 12:22:01,363 - root - INFO - Successfully uploaded C:\Users\Maha\AWS_Test\images\image.png to S3 bucket mahafiletransferbucket.
2024-08-04 12:22:01,363 - root - INFO - File transfer process completed.
