INFO:root:Started
INFO:root:Started
INFO:root:Started
INFO:root:Started
INFO:root:Started
INFO:root:Started
INFO:root:Started
INFO:botocore.credentials:Found credentials in shared credentials file: ~/.aws/credentials
INFO:root:Started
INFO:botocore.credentials:Found credentials in shared credentials file: ~/.aws/credentials
WARNING:google.auth.compute_engine._metadata:Compute Engine Metadata server unavailable on attempt 1 of 3. Reason: timed out
WARNING:google.auth.compute_engine._metadata:Compute Engine Metadata server unavailable on attempt 2 of 3. Reason: timed out
WARNING:google.auth.compute_engine._metadata:Compute Engine Metadata server unavailable on attempt 3 of 3. Reason: timed out
WARNING:google.auth._default:Authentication failed using Compute Engine authentication due to unavailable metadata server.
INFO:root:Started
INFO:botocore.credentials:Found credentials in shared credentials file: ~/.aws/credentials
INFO:root:Uploading C:\Users\Maha\AWS_Test\download (1).jpg to AWS S3 bucket mahafiletransferbucket.
INFO:botocore.credentials:Found credentials in shared credentials file: ~/.aws/credentials
INFO:root:Uploading C:\Users\Maha\AWS_Test\image001.png to AWS S3 bucket mahafiletransferbucket.
INFO:root:Uploading C:\Users\Maha\AWS_Test\Water Drop Message Ringtone   Sms Ringtone   Sms Ringtone Water Drop   Notification Ringtone.mp3 to AWS S3 bucket mahafiletransferbucket.
